<?xml version="1.0" encoding="UTF-8"?>
<!-- Generated by org.testng.reporters.JUnitReportReporter -->
<testsuite hostname="LM-SEA-00877773" name="reminderresourcetest.MongoDBTest" tests="1" failures="0" timestamp="5 Aug 2015 19:22:58 GMT" time="83.580" errors="0">
  <testcase name="testDOIAPImp" time="83.580" classname="reminderresourcetest.MongoDBTest"/>
</testsuite>
